  [1m[35m (0.5ms)[0m  [1m[34mSELECT sqlite_version(*)[0m
  ↳ /Users/sebastiangertz/.rvm/gems/ruby-2.5.1/bin/rake:23
  [1m[35m (1.4ms)[0m  [1m[35mCREATE TABLE "schema_migrations" ("version" varchar NOT NULL PRIMARY KEY)[0m
  ↳ /Users/sebastiangertz/.rvm/gems/ruby-2.5.1/bin/rake:23
  [1m[35m (2.9ms)[0m  [1m[35mCREATE TABLE "ar_internal_metadata" ("key" varchar NOT NULL PRIMARY KEY, "value" varchar, "created_at" datetime NOT NULL, "updated_at" datetime NOT NULL)[0m
  ↳ /Users/sebastiangertz/.rvm/gems/ruby-2.5.1/bin/rake:23
  [1m[35m (0.3ms)[0m  [1m[34mSELECT "schema_migrations"."version" FROM "schema_migrations" ORDER BY "schema_migrations"."version" ASC[0m
  ↳ /Users/sebastiangertz/.rvm/gems/ruby-2.5.1/bin/rake:23
Migrating to CreateUsers (20180807183405)
  [1m[35m (0.1ms)[0m  [1m[36mbegin transaction[0m
  ↳ /Users/sebastiangertz/.rvm/gems/ruby-2.5.1/bin/rake:23
  [1m[35m (1.3ms)[0m  [1m[35mCREATE TABLE "users" ("id" integer PRIMARY KEY AUTOINCREMENT NOT NULL, "name" varchar, "email" varchar, "password_digest" varchar, "created_at" datetime NOT NULL, "updated_at" datetime NOT NULL)[0m
  ↳ db/migrate/20180807183405_create_users.rb:3
  [1m[36mActiveRecord::SchemaMigration Create (0.4ms)[0m  [1m[32mINSERT INTO "schema_migrations" ("version") VALUES (?)[0m  [["version", "20180807183405"]]
  ↳ /Users/sebastiangertz/.rvm/gems/ruby-2.5.1/bin/rake:23
  [1m[35m (1.4ms)[0m  [1m[36mcommit transaction[0m
  ↳ /Users/sebastiangertz/.rvm/gems/ruby-2.5.1/bin/rake:23
Migrating to CreatePortfolios (20180807183730)
  [1m[35m (0.1ms)[0m  [1m[36mbegin transaction[0m
  ↳ /Users/sebastiangertz/.rvm/gems/ruby-2.5.1/bin/rake:23
  [1m[35m (1.0ms)[0m  [1m[35mCREATE TABLE "portfolios" ("id" integer PRIMARY KEY AUTOINCREMENT NOT NULL, "name" varchar, "current_value" integer, "user_id" varchar, "integer" varchar, "created_at" datetime NOT NULL, "updated_at" datetime NOT NULL)[0m
  ↳ db/migrate/20180807183730_create_portfolios.rb:3
  [1m[36mActiveRecord::SchemaMigration Create (0.7ms)[0m  [1m[32mINSERT INTO "schema_migrations" ("version") VALUES (?)[0m  [["version", "20180807183730"]]
  ↳ /Users/sebastiangertz/.rvm/gems/ruby-2.5.1/bin/rake:23
  [1m[35m (1.7ms)[0m  [1m[36mcommit transaction[0m
  ↳ /Users/sebastiangertz/.rvm/gems/ruby-2.5.1/bin/rake:23
Migrating to CreatePositions (20180807184052)
  [1m[35m (0.1ms)[0m  [1m[36mbegin transaction[0m
  ↳ /Users/sebastiangertz/.rvm/gems/ruby-2.5.1/bin/rake:23
  [1m[35m (11.6ms)[0m  [1m[35mCREATE TABLE "positions" ("id" integer PRIMARY KEY AUTOINCREMENT NOT NULL, "user_id" integer, "portfolio_id" integer, "coin_id" integer, "quantity" integer, "value" integer, "created_at" datetime NOT NULL, "updated_at" datetime NOT NULL)[0m
  ↳ db/migrate/20180807184052_create_positions.rb:3
  [1m[36mActiveRecord::SchemaMigration Create (0.3ms)[0m  [1m[32mINSERT INTO "schema_migrations" ("version") VALUES (?)[0m  [["version", "20180807184052"]]
  ↳ /Users/sebastiangertz/.rvm/gems/ruby-2.5.1/bin/rake:23
  [1m[35m (8.2ms)[0m  [1m[36mcommit transaction[0m
  ↳ /Users/sebastiangertz/.rvm/gems/ruby-2.5.1/bin/rake:23
Migrating to CreateCoins (20180807184550)
  [1m[35m (0.1ms)[0m  [1m[36mbegin transaction[0m
  ↳ /Users/sebastiangertz/.rvm/gems/ruby-2.5.1/bin/rake:23
  [1m[35m (3.5ms)[0m  [1m[35mCREATE TABLE "coins" ("id" integer PRIMARY KEY AUTOINCREMENT NOT NULL, "name" varchar, "ticker" varchar, "current_value" integer, "created_at" datetime NOT NULL, "updated_at" datetime NOT NULL)[0m
  ↳ db/migrate/20180807184550_create_coins.rb:3
  [1m[36mActiveRecord::SchemaMigration Create (0.5ms)[0m  [1m[32mINSERT INTO "schema_migrations" ("version") VALUES (?)[0m  [["version", "20180807184550"]]
  ↳ /Users/sebastiangertz/.rvm/gems/ruby-2.5.1/bin/rake:23
  [1m[35m (1.5ms)[0m  [1m[36mcommit transaction[0m
  ↳ /Users/sebastiangertz/.rvm/gems/ruby-2.5.1/bin/rake:23
  [1m[36mActiveRecord::InternalMetadata Load (0.3ms)[0m  [1m[34mSELECT  "ar_internal_metadata".* FROM "ar_internal_metadata" WHERE "ar_internal_metadata"."key" = ? LIMIT ?[0m  [["key", "environment"], ["LIMIT", 1]]
  ↳ /Users/sebastiangertz/.rvm/gems/ruby-2.5.1/bin/rake:23
  [1m[35m (0.1ms)[0m  [1m[36mbegin transaction[0m
  ↳ /Users/sebastiangertz/.rvm/gems/ruby-2.5.1/bin/rake:23
  [1m[36mActiveRecord::InternalMetadata Create (0.8ms)[0m  [1m[32mINSERT INTO "ar_internal_metadata" ("key", "value", "created_at", "updated_at") VALUES (?, ?, ?, ?)[0m  [["key", "environment"], ["value", "development"], ["created_at", "2018-08-07 18:47:17.880975"], ["updated_at", "2018-08-07 18:47:17.880975"]]
  ↳ /Users/sebastiangertz/.rvm/gems/ruby-2.5.1/bin/rake:23
  [1m[35m (1.0ms)[0m  [1m[36mcommit transaction[0m
  ↳ /Users/sebastiangertz/.rvm/gems/ruby-2.5.1/bin/rake:23
  [1m[35m (0.2ms)[0m  [1m[34mSELECT "schema_migrations"."version" FROM "schema_migrations" ORDER BY "schema_migrations"."version" ASC[0m
  ↳ /Users/sebastiangertz/.rvm/gems/ruby-2.5.1/bin/rake:23
  [1m[35m (0.2ms)[0m  [1m[36mbegin transaction[0m
  [1m[36mUser Create (0.7ms)[0m  [1m[32mINSERT INTO "users" ("name", "email", "password_digest", "created_at", "updated_at") VALUES (?, ?, ?, ?, ?)[0m  [["name", "Bob"], ["email", "bob@gmail.com"], ["password_digest", "$2a$10$EdNt7B9n78GoOXZks1sknOqdNwSg8tjoqC5MLkOpeUN9BKn.cvV5m"], ["created_at", "2018-08-07 18:54:57.159425"], ["updated_at", "2018-08-07 18:54:57.159425"]]
  [1m[35m (1.0ms)[0m  [1m[36mcommit transaction[0m
  [1m[35m (0.1ms)[0m  [1m[36mbegin transaction[0m
  [1m[35m (0.1ms)[0m  [1m[31mrollback transaction[0m
  [1m[35m (0.1ms)[0m  [1m[34mSELECT "schema_migrations"."version" FROM "schema_migrations" ORDER BY "schema_migrations"."version" ASC[0m
  ↳ /Users/sebastiangertz/.rvm/gems/ruby-2.5.1/bin/rake:23
  [1m[35m (0.1ms)[0m  [1m[34mSELECT "schema_migrations"."version" FROM "schema_migrations" ORDER BY "schema_migrations"."version" ASC[0m
  ↳ /Users/sebastiangertz/.rvm/gems/ruby-2.5.1/bin/rake:23
  [1m[35m (0.2ms)[0m  [1m[34mSELECT "schema_migrations"."version" FROM "schema_migrations" ORDER BY "schema_migrations"."version" ASC[0m
  ↳ /Users/sebastiangertz/.rvm/gems/ruby-2.5.1/bin/rake:23
  [1m[35m (0.1ms)[0m  [1m[34mSELECT "schema_migrations"."version" FROM "schema_migrations" ORDER BY "schema_migrations"."version" ASC[0m
  ↳ /Users/sebastiangertz/.rvm/gems/ruby-2.5.1/bin/rake:23
Migrating to CreateCoins (20180807184550)
  [1m[35m (0.0ms)[0m  [1m[36mbegin transaction[0m
  ↳ /Users/sebastiangertz/.rvm/gems/ruby-2.5.1/bin/rake:23
  [1m[35m (0.6ms)[0m  [1m[35mDROP TABLE "coins"[0m
  ↳ /Users/sebastiangertz/.rvm/gems/ruby-2.5.1/bin/rake:23
  [1m[36mActiveRecord::SchemaMigration Destroy (0.3ms)[0m  [1m[31mDELETE FROM "schema_migrations" WHERE "schema_migrations"."version" = ?[0m  [["version", "20180807184550"]]
  ↳ /Users/sebastiangertz/.rvm/gems/ruby-2.5.1/bin/rake:23
  [1m[35m (1.1ms)[0m  [1m[36mcommit transaction[0m
  ↳ /Users/sebastiangertz/.rvm/gems/ruby-2.5.1/bin/rake:23
  [1m[35m (0.2ms)[0m  [1m[34mSELECT "schema_migrations"."version" FROM "schema_migrations" ORDER BY "schema_migrations"."version" ASC[0m
  ↳ /Users/sebastiangertz/.rvm/gems/ruby-2.5.1/bin/rake:23
  [1m[35m (0.1ms)[0m  [1m[34mSELECT "schema_migrations"."version" FROM "schema_migrations" ORDER BY "schema_migrations"."version" ASC[0m
  ↳ /Users/sebastiangertz/.rvm/gems/ruby-2.5.1/bin/rake:23
  [1m[35m (0.1ms)[0m  [1m[34mSELECT "schema_migrations"."version" FROM "schema_migrations" ORDER BY "schema_migrations"."version" ASC[0m
  ↳ /Users/sebastiangertz/.rvm/gems/ruby-2.5.1/bin/rake:23
  [1m[35m (0.1ms)[0m  [1m[34mSELECT "schema_migrations"."version" FROM "schema_migrations" ORDER BY "schema_migrations"."version" ASC[0m
  ↳ /Users/sebastiangertz/.rvm/gems/ruby-2.5.1/bin/rake:23
  [1m[35m (0.1ms)[0m  [1m[34mSELECT "schema_migrations"."version" FROM "schema_migrations" ORDER BY "schema_migrations"."version" ASC[0m
  ↳ /Users/sebastiangertz/.rvm/gems/ruby-2.5.1/bin/rake:23
Migrating to CreatePositions (20180807184052)
  [1m[35m (0.0ms)[0m  [1m[36mbegin transaction[0m
  ↳ /Users/sebastiangertz/.rvm/gems/ruby-2.5.1/bin/rake:23
  [1m[35m (1.1ms)[0m  [1m[35mDROP TABLE "positions"[0m
  ↳ /Users/sebastiangertz/.rvm/gems/ruby-2.5.1/bin/rake:23
  [1m[36mActiveRecord::SchemaMigration Destroy (0.3ms)[0m  [1m[31mDELETE FROM "schema_migrations" WHERE "schema_migrations"."version" = ?[0m  [["version", "20180807184052"]]
  ↳ /Users/sebastiangertz/.rvm/gems/ruby-2.5.1/bin/rake:23
  [1m[35m (2.3ms)[0m  [1m[36mcommit transaction[0m
  ↳ /Users/sebastiangertz/.rvm/gems/ruby-2.5.1/bin/rake:23
  [1m[35m (0.1ms)[0m  [1m[34mSELECT "schema_migrations"."version" FROM "schema_migrations" ORDER BY "schema_migrations"."version" ASC[0m
  ↳ /Users/sebastiangertz/.rvm/gems/ruby-2.5.1/bin/rake:23
  [1m[35m (0.3ms)[0m  [1m[34mSELECT "schema_migrations"."version" FROM "schema_migrations" ORDER BY "schema_migrations"."version" ASC[0m
  ↳ /Users/sebastiangertz/.rvm/gems/ruby-2.5.1/bin/rake:23
  [1m[35m (0.1ms)[0m  [1m[34mSELECT "schema_migrations"."version" FROM "schema_migrations" ORDER BY "schema_migrations"."version" ASC[0m
  ↳ /Users/sebastiangertz/.rvm/gems/ruby-2.5.1/bin/rake:23
  [1m[35m (0.1ms)[0m  [1m[34mSELECT "schema_migrations"."version" FROM "schema_migrations" ORDER BY "schema_migrations"."version" ASC[0m
  ↳ /Users/sebastiangertz/.rvm/gems/ruby-2.5.1/bin/rake:23
  [1m[35m (0.1ms)[0m  [1m[34mSELECT "schema_migrations"."version" FROM "schema_migrations" ORDER BY "schema_migrations"."version" ASC[0m
  ↳ /Users/sebastiangertz/.rvm/gems/ruby-2.5.1/bin/rake:23
Migrating to CreatePortfolios (20180807183730)
  [1m[35m (0.1ms)[0m  [1m[36mbegin transaction[0m
  ↳ /Users/sebastiangertz/.rvm/gems/ruby-2.5.1/bin/rake:23
  [1m[35m (0.7ms)[0m  [1m[35mDROP TABLE "portfolios"[0m
  ↳ /Users/sebastiangertz/.rvm/gems/ruby-2.5.1/bin/rake:23
  [1m[36mActiveRecord::SchemaMigration Destroy (0.4ms)[0m  [1m[31mDELETE FROM "schema_migrations" WHERE "schema_migrations"."version" = ?[0m  [["version", "20180807183730"]]
  ↳ /Users/sebastiangertz/.rvm/gems/ruby-2.5.1/bin/rake:23
  [1m[35m (3.1ms)[0m  [1m[36mcommit transaction[0m
  ↳ /Users/sebastiangertz/.rvm/gems/ruby-2.5.1/bin/rake:23
  [1m[35m (0.2ms)[0m  [1m[34mSELECT "schema_migrations"."version" FROM "schema_migrations" ORDER BY "schema_migrations"."version" ASC[0m
  ↳ /Users/sebastiangertz/.rvm/gems/ruby-2.5.1/bin/rake:23
  [1m[35m (0.2ms)[0m  [1m[34mSELECT "schema_migrations"."version" FROM "schema_migrations" ORDER BY "schema_migrations"."version" ASC[0m
  ↳ /Users/sebastiangertz/.rvm/gems/ruby-2.5.1/bin/rake:23
Migrating to CreatePortfolios (20180807183730)
  [1m[35m (0.1ms)[0m  [1m[36mbegin transaction[0m
  ↳ /Users/sebastiangertz/.rvm/gems/ruby-2.5.1/bin/rake:23
  [1m[35m (0.2ms)[0m  [1m[34mSELECT sqlite_version(*)[0m
  ↳ db/migrate/20180807183730_create_portfolios.rb:3
  [1m[35m (1.1ms)[0m  [1m[35mCREATE TABLE "portfolios" ("id" integer PRIMARY KEY AUTOINCREMENT NOT NULL, "name" varchar, "current_value" integer, "user_id" integer, "created_at" datetime NOT NULL, "updated_at" datetime NOT NULL)[0m
  ↳ db/migrate/20180807183730_create_portfolios.rb:3
  [1m[36mActiveRecord::SchemaMigration Create (0.3ms)[0m  [1m[32mINSERT INTO "schema_migrations" ("version") VALUES (?)[0m  [["version", "20180807183730"]]
  ↳ /Users/sebastiangertz/.rvm/gems/ruby-2.5.1/bin/rake:23
  [1m[35m (1.1ms)[0m  [1m[36mcommit transaction[0m
  ↳ /Users/sebastiangertz/.rvm/gems/ruby-2.5.1/bin/rake:23
Migrating to CreatePositions (20180807184052)
  [1m[35m (0.1ms)[0m  [1m[36mbegin transaction[0m
  ↳ /Users/sebastiangertz/.rvm/gems/ruby-2.5.1/bin/rake:23
  [1m[35m (0.9ms)[0m  [1m[35mCREATE TABLE "positions" ("id" integer PRIMARY KEY AUTOINCREMENT NOT NULL, "user_id" integer, "portfolio_id" integer, "coin_id" integer, "quantity" integer, "value" integer, "created_at" datetime NOT NULL, "updated_at" datetime NOT NULL)[0m
  ↳ db/migrate/20180807184052_create_positions.rb:3
  [1m[36mActiveRecord::SchemaMigration Create (0.6ms)[0m  [1m[32mINSERT INTO "schema_migrations" ("version") VALUES (?)[0m  [["version", "20180807184052"]]
  ↳ /Users/sebastiangertz/.rvm/gems/ruby-2.5.1/bin/rake:23
  [1m[35m (1.3ms)[0m  [1m[36mcommit transaction[0m
  ↳ /Users/sebastiangertz/.rvm/gems/ruby-2.5.1/bin/rake:23
Migrating to CreateCoins (20180807184550)
  [1m[35m (0.1ms)[0m  [1m[36mbegin transaction[0m
  ↳ /Users/sebastiangertz/.rvm/gems/ruby-2.5.1/bin/rake:23
  [1m[35m (1.2ms)[0m  [1m[35mCREATE TABLE "coins" ("id" integer PRIMARY KEY AUTOINCREMENT NOT NULL, "name" varchar, "ticker" varchar, "current_value" integer, "created_at" datetime NOT NULL, "updated_at" datetime NOT NULL)[0m
  ↳ db/migrate/20180807184550_create_coins.rb:3
  [1m[36mActiveRecord::SchemaMigration Create (0.5ms)[0m  [1m[32mINSERT INTO "schema_migrations" ("version") VALUES (?)[0m  [["version", "20180807184550"]]
  ↳ /Users/sebastiangertz/.rvm/gems/ruby-2.5.1/bin/rake:23
  [1m[35m (1.5ms)[0m  [1m[36mcommit transaction[0m
  ↳ /Users/sebastiangertz/.rvm/gems/ruby-2.5.1/bin/rake:23
  [1m[36mActiveRecord::InternalMetadata Load (2.6ms)[0m  [1m[34mSELECT  "ar_internal_metadata".* FROM "ar_internal_metadata" WHERE "ar_internal_metadata"."key" = ? LIMIT ?[0m  [["key", "environment"], ["LIMIT", 1]]
  ↳ /Users/sebastiangertz/.rvm/gems/ruby-2.5.1/bin/rake:23
  [1m[35m (0.2ms)[0m  [1m[36mbegin transaction[0m
  ↳ /Users/sebastiangertz/.rvm/gems/ruby-2.5.1/bin/rake:23
  [1m[35m (0.0ms)[0m  [1m[36mcommit transaction[0m
  ↳ /Users/sebastiangertz/.rvm/gems/ruby-2.5.1/bin/rake:23
  [1m[35m (0.2ms)[0m  [1m[34mSELECT "schema_migrations"."version" FROM "schema_migrations" ORDER BY "schema_migrations"."version" ASC[0m
  ↳ /Users/sebastiangertz/.rvm/gems/ruby-2.5.1/bin/rake:23
  [1m[35m (0.1ms)[0m  [1m[36mbegin transaction[0m
  [1m[36mUser Create (1.0ms)[0m  [1m[32mINSERT INTO "users" ("name", "email", "password_digest", "created_at", "updated_at") VALUES (?, ?, ?, ?, ?)[0m  [["name", "Bob"], ["email", "bob@gmail.com"], ["password_digest", "$2a$10$Y1UPRj.3HlvXKu12cZuYZ.Lzi4XHAXzfhZ.fR71IsGHb6SN1b27ea"], ["created_at", "2018-08-07 18:59:58.062585"], ["updated_at", "2018-08-07 18:59:58.062585"]]
  [1m[35m (3.0ms)[0m  [1m[36mcommit transaction[0m
  [1m[35m (0.2ms)[0m  [1m[36mbegin transaction[0m
  [1m[36mPortfolio Create (0.8ms)[0m  [1m[32mINSERT INTO "portfolios" ("name", "user_id", "created_at", "updated_at") VALUES (?, ?, ?, ?)[0m  [["name", "high-risk"], ["user_id", 2], ["created_at", "2018-08-07 19:02:39.414896"], ["updated_at", "2018-08-07 19:02:39.414896"]]
  [1m[35m (8.1ms)[0m  [1m[36mcommit transaction[0m
  [1m[36mPortfolio Load (0.3ms)[0m  [1m[34mSELECT  "portfolios".* FROM "portfolios" WHERE "portfolios"."user_id" = ? LIMIT ?[0m  [["user_id", 2], ["LIMIT", 11]]
  [1m[35m (0.1ms)[0m  [1m[36mbegin transaction[0m
  [1m[36mCoin Create (0.6ms)[0m  [1m[32mINSERT INTO "coins" ("name", "ticker", "created_at", "updated_at") VALUES (?, ?, ?, ?)[0m  [["name", "Bitcoin"], ["ticker", "BTC"], ["created_at", "2018-08-07 19:04:22.962632"], ["updated_at", "2018-08-07 19:04:22.962632"]]
  [1m[35m (3.6ms)[0m  [1m[36mcommit transaction[0m
  [1m[35m (0.1ms)[0m  [1m[36mbegin transaction[0m
  [1m[36mCoin Load (0.2ms)[0m  [1m[34mSELECT  "coins".* FROM "coins" WHERE "coins"."id" = ? LIMIT ?[0m  [["id", 1], ["LIMIT", 1]]
  [1m[36mPortfolio Load (0.1ms)[0m  [1m[34mSELECT  "portfolios".* FROM "portfolios" WHERE "portfolios"."id" = ? LIMIT ?[0m  [["id", 1], ["LIMIT", 1]]
  [1m[36mUser Load (0.2ms)[0m  [1m[34mSELECT  "users".* FROM "users" WHERE "users"."id" = ? LIMIT ?[0m  [["id", 2], ["LIMIT", 1]]
  [1m[36mPosition Create (0.4ms)[0m  [1m[32mINSERT INTO "positions" ("user_id", "portfolio_id", "coin_id", "created_at", "updated_at") VALUES (?, ?, ?, ?, ?)[0m  [["user_id", 2], ["portfolio_id", 1], ["coin_id", 1], ["created_at", "2018-08-07 19:05:48.903402"], ["updated_at", "2018-08-07 19:05:48.903402"]]
  [1m[35m (1.1ms)[0m  [1m[36mcommit transaction[0m
  [1m[36mPortfolio Load (0.2ms)[0m  [1m[34mSELECT  "portfolios".* FROM "portfolios" WHERE "portfolios"."user_id" = ? LIMIT ?[0m  [["user_id", 2], ["LIMIT", 11]]
  [1m[36mPosition Load (0.3ms)[0m  [1m[34mSELECT  "positions".* FROM "positions" INNER JOIN "portfolios" ON "positions"."portfolio_id" = "portfolios"."id" WHERE "portfolios"."user_id" = ? LIMIT ?[0m  [["user_id", 2], ["LIMIT", 11]]
  [1m[36mPortfolio Load (0.3ms)[0m  [1m[34mSELECT "portfolios".* FROM "portfolios" WHERE "portfolios"."user_id" = ?[0m  [["user_id", 2]]
  [1m[36mPosition Load (0.4ms)[0m  [1m[34mSELECT  "positions".* FROM "positions" WHERE "positions"."portfolio_id" = ? LIMIT ?[0m  [["portfolio_id", 1], ["LIMIT", 11]]
  [1m[36mPosition Load (0.3ms)[0m  [1m[34mSELECT "positions".* FROM "positions" WHERE "positions"."portfolio_id" = ?[0m  [["portfolio_id", 1]]
  [1m[36mCoin Load (0.2ms)[0m  [1m[34mSELECT  "coins".* FROM "coins" WHERE "coins"."id" = ? LIMIT ?[0m  [["id", 1], ["LIMIT", 1]]
  [1m[35m (1.0ms)[0m  [1m[34mSELECT "schema_migrations"."version" FROM "schema_migrations" ORDER BY "schema_migrations"."version" ASC[0m
  ↳ /Users/sebastiangertz/.rvm/gems/ruby-2.5.1/bin/rake:23
Migrating to AddAdminToUsers (20180808032448)
  [1m[35m (0.2ms)[0m  [1m[36mbegin transaction[0m
  ↳ /Users/sebastiangertz/.rvm/gems/ruby-2.5.1/bin/rake:23
  [1m[35m (6.9ms)[0m  [1m[35mALTER TABLE "users" ADD "admin" boolean[0m
  ↳ db/migrate/20180808032448_add_admin_to_users.rb:3
  [1m[36mActiveRecord::SchemaMigration Create (7.4ms)[0m  [1m[32mINSERT INTO "schema_migrations" ("version") VALUES (?)[0m  [["version", "20180808032448"]]
  ↳ /Users/sebastiangertz/.rvm/gems/ruby-2.5.1/bin/rake:23
  [1m[35m (121.6ms)[0m  [1m[36mcommit transaction[0m
  ↳ /Users/sebastiangertz/.rvm/gems/ruby-2.5.1/bin/rake:23
Migrating to AddPublicToPortfolios (20180808032735)
  [1m[35m (0.4ms)[0m  [1m[36mbegin transaction[0m
  ↳ /Users/sebastiangertz/.rvm/gems/ruby-2.5.1/bin/rake:23
  [1m[35m (3.3ms)[0m  [1m[35mALTER TABLE "portfolios" ADD "public" boolean DEFAULT 1[0m
  ↳ db/migrate/20180808032735_add_public_to_portfolios.rb:3
  [1m[36mActiveRecord::SchemaMigration Create (0.8ms)[0m  [1m[32mINSERT INTO "schema_migrations" ("version") VALUES (?)[0m  [["version", "20180808032735"]]
  ↳ /Users/sebastiangertz/.rvm/gems/ruby-2.5.1/bin/rake:23
  [1m[35m (2.8ms)[0m  [1m[36mcommit transaction[0m
  ↳ /Users/sebastiangertz/.rvm/gems/ruby-2.5.1/bin/rake:23
  [1m[36mActiveRecord::InternalMetadata Load (2.0ms)[0m  [1m[34mSELECT  "ar_internal_metadata".* FROM "ar_internal_metadata" WHERE "ar_internal_metadata"."key" = ? LIMIT ?[0m  [["key", "environment"], ["LIMIT", 1]]
  ↳ /Users/sebastiangertz/.rvm/gems/ruby-2.5.1/bin/rake:23
  [1m[35m (0.2ms)[0m  [1m[36mbegin transaction[0m
  ↳ /Users/sebastiangertz/.rvm/gems/ruby-2.5.1/bin/rake:23
  [1m[35m (0.1ms)[0m  [1m[36mcommit transaction[0m
  ↳ /Users/sebastiangertz/.rvm/gems/ruby-2.5.1/bin/rake:23
  [1m[35m (0.6ms)[0m  [1m[34mSELECT "schema_migrations"."version" FROM "schema_migrations" ORDER BY "schema_migrations"."version" ASC[0m
  ↳ /Users/sebastiangertz/.rvm/gems/ruby-2.5.1/bin/rake:23
  [1m[35m (0.8ms)[0m  [1m[34mSELECT "schema_migrations"."version" FROM "schema_migrations" ORDER BY "schema_migrations"."version" ASC[0m
  ↳ /Users/sebastiangertz/.rvm/gems/ruby-2.5.1/bin/rake:23
Migrating to DeleteCurrentValueFromPortfolios (20180808033059)
  [1m[35m (0.3ms)[0m  [1m[36mbegin transaction[0m
  ↳ /Users/sebastiangertz/.rvm/gems/ruby-2.5.1/bin/rake:23
  [1m[35m (0.4ms)[0m  [1m[34mSELECT sqlite_version(*)[0m
  ↳ db/migrate/20180808033059_delete_current_value_from_portfolios.rb:3
  [1m[35m (0.8ms)[0m  [1m[35mCREATE TEMPORARY TABLE "aportfolios" ("id" integer NOT NULL PRIMARY KEY, "name" varchar DEFAULT NULL, "current_value" integer DEFAULT NULL, "user_id" integer DEFAULT NULL, "created_at" datetime NOT NULL, "updated_at" datetime NOT NULL, "public" boolean DEFAULT '1')[0m
  ↳ db/migrate/20180808033059_delete_current_value_from_portfolios.rb:3
  [1m[35m (0.3ms)[0m  [1m[32mINSERT INTO "aportfolios" ("id","name","current_value","user_id","created_at","updated_at","public")
                     SELECT "id","name","current_value","user_id","created_at","updated_at","public" FROM "portfolios"[0m
  ↳ db/migrate/20180808033059_delete_current_value_from_portfolios.rb:3
  [1m[35m (2.3ms)[0m  [1m[35mDROP TABLE "portfolios"[0m
  ↳ db/migrate/20180808033059_delete_current_value_from_portfolios.rb:3
  [1m[35m (1.7ms)[0m  [1m[35mCREATE TABLE "portfolios" ("id" integer NOT NULL PRIMARY KEY, "name" varchar DEFAULT NULL, "user_id" integer DEFAULT NULL, "created_at" datetime NOT NULL, "updated_at" datetime NOT NULL, "public" boolean DEFAULT '1')[0m
  ↳ db/migrate/20180808033059_delete_current_value_from_portfolios.rb:3
  [1m[35m (61.0ms)[0m  [1m[32mINSERT INTO "portfolios" ("id","name","user_id","created_at","updated_at","public")
                     SELECT "id","name","user_id","created_at","updated_at","public" FROM "aportfolios"[0m
  ↳ db/migrate/20180808033059_delete_current_value_from_portfolios.rb:3
  [1m[35m (0.7ms)[0m  [1m[35mDROP TABLE "aportfolios"[0m
  ↳ db/migrate/20180808033059_delete_current_value_from_portfolios.rb:3
  [1m[36mActiveRecord::SchemaMigration Create (22.5ms)[0m  [1m[32mINSERT INTO "schema_migrations" ("version") VALUES (?)[0m  [["version", "20180808033059"]]
  ↳ /Users/sebastiangertz/.rvm/gems/ruby-2.5.1/bin/rake:23
  [1m[35m (158.5ms)[0m  [1m[36mcommit transaction[0m
  ↳ /Users/sebastiangertz/.rvm/gems/ruby-2.5.1/bin/rake:23
  [1m[36mActiveRecord::InternalMetadata Load (0.9ms)[0m  [1m[34mSELECT  "ar_internal_metadata".* FROM "ar_internal_metadata" WHERE "ar_internal_metadata"."key" = ? LIMIT ?[0m  [["key", "environment"], ["LIMIT", 1]]
  ↳ /Users/sebastiangertz/.rvm/gems/ruby-2.5.1/bin/rake:23
  [1m[35m (8.3ms)[0m  [1m[36mbegin transaction[0m
  ↳ /Users/sebastiangertz/.rvm/gems/ruby-2.5.1/bin/rake:23
  [1m[35m (0.2ms)[0m  [1m[36mcommit transaction[0m
  ↳ /Users/sebastiangertz/.rvm/gems/ruby-2.5.1/bin/rake:23
  [1m[35m (0.9ms)[0m  [1m[34mSELECT "schema_migrations"."version" FROM "schema_migrations" ORDER BY "schema_migrations"."version" ASC[0m
  ↳ /Users/sebastiangertz/.rvm/gems/ruby-2.5.1/bin/rake:23
